<?xml version="1.0" encoding="UTF-8" ?>
<testsuite errors="0" failures="0" hostname="miquel" name="appexpenses.CurrentAccountTest" skipped="0" tests="3" time="0.041" timestamp="2017-10-24T08:21:22">
  <properties>
[...]
</properties>
  <testcase classname="appexpenses.CurrentAccountTest" name="testJust" time="0.001" />
  <testcase classname="appexpenses.CurrentAccountTest" name="testInsuficient" time="0.0" />
  <testcase classname="appexpenses.CurrentAccountTest" name="testSuficient" time="0.0" />
  <system-out><![CDATA[Remains 0
Insufficient
Enough
]]></system-out>
  <system-err><![CDATA[]]></system-err>
</testsuite>
